<?xml version="1.0" encoding="UTF-8"?>
<testng-results ignored="0" total="1" passed="1" failed="0" skipped="0">
  <reporter-output>
    <line>
      <![CDATA[Enter User ID]]>
    </line>
  </reporter-output>
  <suite started-at="2018-12-18T04:49:47Z" name="Default suite" finished-at="2018-12-18T04:50:23Z" duration-ms="35705">
    <groups>
    </groups>
    <test started-at="2018-12-18T04:49:47Z" name="Default test" finished-at="2018-12-18T04:50:23Z" duration-ms="35705">
      <class name="TestNG.DemoB">
        <test-method signature="irctcLogin()[pri:0, instance:TestNG.DemoB@1dac5ef]" started-at="2018-12-18T04:49:47Z" name="irctcLogin" finished-at="2018-12-18T04:50:23Z" duration-ms="35598" status="PASS">
          <reporter-output>
            <line>
              <![CDATA[Enter User ID]]>
            </line>
          </reporter-output>
        </test-method> <!-- irctcLogin -->
      </class> <!-- TestNG.DemoB -->
    </test> <!-- Default test -->
  </suite> <!-- Default suite -->
</testng-results>
